mode: set
kubebuilder-example/controllers/cronjob_controller.go:60.36,60.57 1 0
kubebuilder-example/controllers/cronjob_controller.go:75.38,76.29 1 0
kubebuilder-example/controllers/cronjob_controller.go:79.2,79.12 1 0
kubebuilder-example/controllers/cronjob_controller.go:76.29,78.3 1 0
kubebuilder-example/controllers/cronjob_controller.go:102.78,117.65 4 0
kubebuilder-example/controllers/cronjob_controller.go:131.2,132.129 2 0
kubebuilder-example/controllers/cronjob_controller.go:149.2,159.73 5 0
kubebuilder-example/controllers/cronjob_controller.go:174.2,174.70 1 0
kubebuilder-example/controllers/cronjob_controller.go:188.2,188.38 1 0
kubebuilder-example/controllers/cronjob_controller.go:215.2,215.27 1 0
kubebuilder-example/controllers/cronjob_controller.go:220.2,221.39 2 0
kubebuilder-example/controllers/cronjob_controller.go:236.2,246.57 2 0
kubebuilder-example/controllers/cronjob_controller.go:261.2,261.48 1 0
kubebuilder-example/controllers/cronjob_controller.go:280.2,280.52 1 0
kubebuilder-example/controllers/cronjob_controller.go:305.2,305.58 1 0
kubebuilder-example/controllers/cronjob_controller.go:325.2,325.115 1 0
kubebuilder-example/controllers/cronjob_controller.go:381.2,382.16 2 0
kubebuilder-example/controllers/cronjob_controller.go:393.2,400.24 3 0
kubebuilder-example/controllers/cronjob_controller.go:406.2,408.49 3 0
kubebuilder-example/controllers/cronjob_controller.go:411.2,411.13 1 0
kubebuilder-example/controllers/cronjob_controller.go:424.2,424.85 1 0
kubebuilder-example/controllers/cronjob_controller.go:430.2,430.63 1 0
kubebuilder-example/controllers/cronjob_controller.go:453.2,453.103 1 0
kubebuilder-example/controllers/cronjob_controller.go:482.2,483.16 2 0
kubebuilder-example/controllers/cronjob_controller.go:490.2,490.43 1 0
kubebuilder-example/controllers/cronjob_controller.go:495.2,505.29 2 0
kubebuilder-example/controllers/cronjob_controller.go:117.65,123.3 2 0
kubebuilder-example/controllers/cronjob_controller.go:132.129,135.3 2 0
kubebuilder-example/controllers/cronjob_controller.go:159.73,160.43 1 0
kubebuilder-example/controllers/cronjob_controller.go:166.3,166.19 1 0
kubebuilder-example/controllers/cronjob_controller.go:160.43,161.104 1 0
kubebuilder-example/controllers/cronjob_controller.go:161.104,163.5 1 0
kubebuilder-example/controllers/cronjob_controller.go:174.70,176.24 2 0
kubebuilder-example/controllers/cronjob_controller.go:180.3,181.17 2 0
kubebuilder-example/controllers/cronjob_controller.go:184.3,184.26 1 0
kubebuilder-example/controllers/cronjob_controller.go:176.24,178.4 1 0
kubebuilder-example/controllers/cronjob_controller.go:181.17,183.4 1 0
kubebuilder-example/controllers/cronjob_controller.go:188.38,190.23 2 0
kubebuilder-example/controllers/cronjob_controller.go:201.3,202.17 2 0
kubebuilder-example/controllers/cronjob_controller.go:206.3,206.33 1 0
kubebuilder-example/controllers/cronjob_controller.go:191.11,192.56 1 0
kubebuilder-example/controllers/cronjob_controller.go:193.25,194.56 1 0
kubebuilder-example/controllers/cronjob_controller.go:195.27,196.64 1 0
kubebuilder-example/controllers/cronjob_controller.go:202.17,204.12 2 0
kubebuilder-example/controllers/cronjob_controller.go:206.33,207.29 1 0
kubebuilder-example/controllers/cronjob_controller.go:207.29,209.5 1 0
kubebuilder-example/controllers/cronjob_controller.go:209.10,209.58 1 0
kubebuilder-example/controllers/cronjob_controller.go:209.58,211.5 1 0
kubebuilder-example/controllers/cronjob_controller.go:215.27,217.3 1 0
kubebuilder-example/controllers/cronjob_controller.go:217.8,219.3 1 0
kubebuilder-example/controllers/cronjob_controller.go:221.39,223.17 2 0
kubebuilder-example/controllers/cronjob_controller.go:227.3,227.65 1 0
kubebuilder-example/controllers/cronjob_controller.go:223.17,225.12 2 0
kubebuilder-example/controllers/cronjob_controller.go:246.57,249.3 2 0
kubebuilder-example/controllers/cronjob_controller.go:261.48,262.46 1 0
kubebuilder-example/controllers/cronjob_controller.go:268.3,268.34 1 0
kubebuilder-example/controllers/cronjob_controller.go:262.46,263.45 1 0
kubebuilder-example/controllers/cronjob_controller.go:266.4,266.80 1 0
kubebuilder-example/controllers/cronjob_controller.go:263.45,265.5 1 0
kubebuilder-example/controllers/cronjob_controller.go:268.34,269.79 1 0
kubebuilder-example/controllers/cronjob_controller.go:272.4,272.123 1 0
kubebuilder-example/controllers/cronjob_controller.go:269.79,270.10 1 0
kubebuilder-example/controllers/cronjob_controller.go:272.123,274.5 1 0
kubebuilder-example/controllers/cronjob_controller.go:274.10,276.5 1 0
kubebuilder-example/controllers/cronjob_controller.go:280.52,281.50 1 0
kubebuilder-example/controllers/cronjob_controller.go:287.3,287.38 1 0
kubebuilder-example/controllers/cronjob_controller.go:281.50,282.49 1 0
kubebuilder-example/controllers/cronjob_controller.go:285.4,285.88 1 0
kubebuilder-example/controllers/cronjob_controller.go:282.49,284.5 1 0
kubebuilder-example/controllers/cronjob_controller.go:287.38,288.87 1 0
kubebuilder-example/controllers/cronjob_controller.go:291.4,291.123 1 0
kubebuilder-example/controllers/cronjob_controller.go:288.87,289.10 1 0
kubebuilder-example/controllers/cronjob_controller.go:291.123,293.5 1 0
kubebuilder-example/controllers/cronjob_controller.go:293.10,295.5 1 0
kubebuilder-example/controllers/cronjob_controller.go:305.58,308.3 2 0
kubebuilder-example/controllers/cronjob_controller.go:325.115,327.17 2 0
kubebuilder-example/controllers/cronjob_controller.go:334.3,335.45 2 0
kubebuilder-example/controllers/cronjob_controller.go:340.3,340.50 1 0
kubebuilder-example/controllers/cronjob_controller.go:348.3,348.30 1 0
kubebuilder-example/controllers/cronjob_controller.go:352.3,353.71 2 0
kubebuilder-example/controllers/cronjob_controller.go:375.3,375.42 1 0
kubebuilder-example/controllers/cronjob_controller.go:327.17,329.4 1 0
kubebuilder-example/controllers/cronjob_controller.go:335.45,337.4 1 0
kubebuilder-example/controllers/cronjob_controller.go:337.9,339.4 1 0
kubebuilder-example/controllers/cronjob_controller.go:340.50,344.46 2 0
kubebuilder-example/controllers/cronjob_controller.go:344.46,346.5 1 0
kubebuilder-example/controllers/cronjob_controller.go:348.30,350.4 1 0
kubebuilder-example/controllers/cronjob_controller.go:353.71,370.20 3 0
kubebuilder-example/controllers/cronjob_controller.go:370.20,373.5 1 0
kubebuilder-example/controllers/cronjob_controller.go:382.16,387.3 2 0
kubebuilder-example/controllers/cronjob_controller.go:400.24,403.3 2 0
kubebuilder-example/controllers/cronjob_controller.go:408.49,410.3 1 0
kubebuilder-example/controllers/cronjob_controller.go:411.13,415.3 2 0
kubebuilder-example/controllers/cronjob_controller.go:424.85,427.3 2 0
kubebuilder-example/controllers/cronjob_controller.go:430.63,431.40 1 0
kubebuilder-example/controllers/cronjob_controller.go:431.40,433.129 1 0
kubebuilder-example/controllers/cronjob_controller.go:433.129,436.5 2 0
kubebuilder-example/controllers/cronjob_controller.go:453.103,466.58 3 0
kubebuilder-example/controllers/cronjob_controller.go:469.3,470.53 2 0
kubebuilder-example/controllers/cronjob_controller.go:473.3,473.77 1 0
kubebuilder-example/controllers/cronjob_controller.go:477.3,477.18 1 0
kubebuilder-example/controllers/cronjob_controller.go:466.58,468.4 1 0
kubebuilder-example/controllers/cronjob_controller.go:470.53,472.4 1 0
kubebuilder-example/controllers/cronjob_controller.go:473.77,475.4 1 0
kubebuilder-example/controllers/cronjob_controller.go:483.16,487.3 2 0
kubebuilder-example/controllers/cronjob_controller.go:490.43,493.3 2 0
kubebuilder-example/controllers/cronjob_controller.go:525.70,527.20 1 0
kubebuilder-example/controllers/cronjob_controller.go:531.2,531.110 1 0
kubebuilder-example/controllers/cronjob_controller.go:549.2,552.14 1 0
kubebuilder-example/controllers/cronjob_controller.go:527.20,529.3 1 0
kubebuilder-example/controllers/cronjob_controller.go:531.110,535.19 3 0
kubebuilder-example/controllers/cronjob_controller.go:539.3,539.62 1 0
kubebuilder-example/controllers/cronjob_controller.go:544.3,544.30 1 0
kubebuilder-example/controllers/cronjob_controller.go:535.19,537.4 1 0
kubebuilder-example/controllers/cronjob_controller.go:539.62,541.4 1 0
kubebuilder-example/controllers/cronjob_controller.go:545.17,547.3 1 0
